[2026-03-21 18:19:38] [INFO] Config loaded.
[2026-03-21 18:20:39] [INFO] test_connection started.
[2026-03-21 18:20:41] [ERROR] test_connection already running for Client WordPress Site.
[2026-03-21 18:20:54] [WARNING] connect:Client WordPress Site failed (attempt 1).
[2026-03-21 18:21:10] [WARNING] connect:Client WordPress Site failed (attempt 2).
[2026-03-21 18:21:26] [WARNING] connect:Client WordPress Site failed (attempt 3).
[2026-03-21 18:21:26] [ERROR] test_connection failed.
[2026-03-21 18:21:26] [ERROR] Connection test failed.
[2026-03-21 18:27:59] [INFO] Config loaded.
[2026-03-21 18:28:12] [INFO] Navigated to Profiles.
[2026-03-21 18:56:30] [INFO] Config loaded.
[2026-03-21 18:56:32] [INFO] test_connection started.
[2026-03-21 18:56:37] [WARNING] connect:Dev Asterisks LLC - Hosting failed (attempt 1).
[2026-03-21 18:56:42] [WARNING] connect:Dev Asterisks LLC - Hosting failed (attempt 2).
[2026-03-21 18:56:44] [INFO] Config loaded.
[2026-03-21 18:56:46] [ERROR] test_connection already running for Dev Asterisks LLC - Hosting.
[2026-03-21 18:56:47] [WARNING] connect:Dev Asterisks LLC - Hosting failed (attempt 3).
[2026-03-21 18:56:47] [ERROR] test_connection failed.
[2026-03-21 18:56:47] [ERROR] Connection test failed.
[2026-03-21 18:57:19] [INFO] test_connection started.
[2026-03-21 18:57:23] [WARNING] connect:Dev Asterisks LLC - Hosting failed (attempt 1).
[2026-03-21 18:57:28] [WARNING] connect:Dev Asterisks LLC - Hosting failed (attempt 2).
[2026-03-21 18:57:33] [WARNING] connect:Dev Asterisks LLC - Hosting failed (attempt 3).
[2026-03-21 18:57:33] [ERROR] test_connection failed.
[2026-03-21 18:57:33] [ERROR] Connection test failed.
[2026-03-21 18:57:59] [INFO] Config loaded.
[2026-03-21 18:58:02] [INFO] test_connection started.
[2026-03-21 18:58:02] [ERROR] test_connection failed.
[2026-03-21 18:58:02] [ERROR] Connection test failed.
[2026-03-21 18:58:03] [INFO] test_connection started.
[2026-03-21 18:58:03] [WARNING] connect:Bluehost - GibsonOil Staging failed (attempt 1).
[2026-03-21 18:58:04] [WARNING] connect:Bluehost - GibsonOil Staging failed (attempt 2).
[2026-03-21 18:58:04] [INFO] test_connection started.
[2026-03-21 18:58:05] [INFO] test_connection started.
[2026-03-21 18:58:05] [ERROR] test_connection failed.
[2026-03-21 18:58:05] [ERROR] Connection test failed.
[2026-03-21 18:58:05] [INFO] test_connection finished.
[2026-03-21 18:58:05] [INFO] Connection test passed.
[2026-03-21 18:58:05] [WARNING] connect:Bluehost - GibsonOil Staging failed (attempt 3).
[2026-03-21 18:58:05] [ERROR] test_connection failed.
[2026-03-21 18:58:05] [ERROR] Connection test failed.
[2026-03-21 18:58:13] [INFO] Config loaded.
[2026-03-21 18:58:14] [INFO] test_connection started.
[2026-03-21 18:58:14] [INFO] test_connection finished.
[2026-03-21 18:58:14] [INFO] Connection test passed.
[2026-03-21 18:58:16] [INFO] test_connection started.
[2026-03-21 18:58:16] [INFO] test_connection finished.
[2026-03-21 18:58:16] [INFO] Connection test passed.
[2026-03-21 18:58:16] [INFO] test_connection started.
[2026-03-21 18:58:17] [ERROR] test_connection failed.
[2026-03-21 18:58:17] [ERROR] Connection test failed.
[2026-03-21 19:01:55] [INFO] Config loaded. | profiles=4
[2026-03-21 19:01:56] [INFO] test_connection started. | profile=Dev Asterisks LLC - Hosting
[2026-03-21 19:01:57] [INFO] test_connection finished. | profile=Dev Asterisks LLC - Hosting
[2026-03-21 19:01:57] [INFO] Connection test passed. | profile=Dev Asterisks LLC - Hosting
[2026-03-21 19:02:00] [INFO] test_connection started. | profile=Bluehost - GibsonOil PROD
[2026-03-21 19:02:01] [ERROR] test_connection failed. | profile=Bluehost - GibsonOil PROD; error=550 Can't change directory to ~/public_html/website_4b0d4ba9: No such file or directory
[2026-03-21 19:02:01] [ERROR] Connection test failed. | profile=Bluehost - GibsonOil PROD; error=550 Can't change directory to ~/public_html/website_4b0d4ba9: No such file or directory
[2026-03-21 19:02:27] [INFO] push started. | profile=Web Dev - Wordpress Stack (SK) - local
[2026-03-21 19:02:27] [ERROR] push failed. | profile=Web Dev - Wordpress Stack (SK) - local; error=500 Unknown command.
[2026-03-21 19:02:27] [ERROR] Push failed while listing remote files. | profile=Web Dev - Wordpress Stack (SK) - local; error=500 Unknown command.
[2026-03-21 19:02:30] [INFO] test_connection started. | profile=Web Dev - Wordpress Stack (SK) - local
[2026-03-21 19:02:30] [ERROR] test_connection failed. | profile=Web Dev - Wordpress Stack (SK) - local; error=550 Failed to change directory.
[2026-03-21 19:02:30] [ERROR] Connection test failed. | profile=Web Dev - Wordpress Stack (SK) - local; error=550 Failed to change directory.
[2026-03-21 19:12:02] [INFO] Config loaded. | profiles=4
[2026-03-21 19:12:03] [INFO] test_connection started. | profile=Dev Asterisks LLC - Hosting
[2026-03-21 19:12:03] [WARNING] TLS certificate verification disabled for profile. | profile=Dev Asterisks LLC - Hosting; host=ftp.stephenkarpath.com
[2026-03-21 19:12:04] [INFO] test_connection finished. | profile=Dev Asterisks LLC - Hosting
[2026-03-21 19:12:04] [INFO] Connection test passed. | profile=Dev Asterisks LLC - Hosting
[2026-03-21 19:12:15] [INFO] test_connection started. | profile=Web Dev - Wordpress Stack (SK) - local
[2026-03-21 19:12:15] [ERROR] test_connection failed. | profile=Web Dev - Wordpress Stack (SK) - local; error=550 Failed to change directory. Current FTP directory: unknown. Configured remotePath: /public_html/wp-content/plugins/WP Threat Detect. Try one of: /public_html/wp-content/plugins/WP Threat Detect, public_html/wp-content/plugins/WP Threat Detect
[2026-03-21 19:12:15] [ERROR] Connection test failed. | profile=Web Dev - Wordpress Stack (SK) - local; error=550 Failed to change directory. Current FTP directory: unknown. Configured remotePath: /public_html/wp-content/plugins/WP Threat Detect. Try one of: /public_html/wp-content/plugins/WP Threat Detect, public_html/wp-content/plugins/WP Threat Detect
[2026-03-21 19:12:29] [INFO] Config loaded. | profiles=4
[2026-03-21 19:12:30] [INFO] test_connection started. | profile=Web Dev - Wordpress Stack (SK) - local
[2026-03-21 19:12:30] [INFO] test_connection finished. | profile=Web Dev - Wordpress Stack (SK) - local
[2026-03-21 19:12:30] [INFO] Connection test passed. | profile=Web Dev - Wordpress Stack (SK) - local
[2026-03-21 19:12:36] [INFO] pull started. | profile=Web Dev - Wordpress Stack (SK) - local
[2026-03-21 19:12:36] [ERROR] pull failed. | profile=Web Dev - Wordpress Stack (SK) - local; error=500 Unknown command.
[2026-03-21 19:12:36] [ERROR] Pull failed while listing files. | profile=Web Dev - Wordpress Stack (SK) - local; error=500 Unknown command.
[2026-03-21 19:13:56] [INFO] Config loaded. | profiles=4
[2026-03-21 19:13:59] [INFO] test_connection started. | profile=Web Dev - Wordpress Stack (SK) - local
[2026-03-21 19:13:59] [INFO] test_connection finished. | profile=Web Dev - Wordpress Stack (SK) - local
[2026-03-21 19:13:59] [INFO] Connection test passed. | profile=Web Dev - Wordpress Stack (SK) - local
[2026-03-21 19:14:02] [INFO] pull started. | profile=Web Dev - Wordpress Stack (SK) - local
[2026-03-21 19:14:02] [ERROR] pull failed. | profile=Web Dev - Wordpress Stack (SK) - local; error=500 Unknown command.
[2026-03-21 19:14:02] [ERROR] Pull failed while listing files. | profile=Web Dev - Wordpress Stack (SK) - local; error=500 Unknown command.
[2026-03-21 19:20:20] [INFO] Config loaded. | profiles=4
[2026-03-21 19:21:16] [INFO] Config loaded. | profiles=4
[2026-03-21 19:21:38] [INFO] test_connection started. | profile=Web Dev - Wordpress Stack (SK) - local
[2026-03-21 19:21:38] [INFO] test_connection finished. | profile=Web Dev - Wordpress Stack (SK) - local
[2026-03-21 19:21:38] [INFO] Connection test passed. | profile=Web Dev - Wordpress Stack (SK) - local
[2026-03-21 19:33:05] [INFO] Config loaded. | profiles=4
[2026-03-21 19:33:25] [INFO] Navigated to Profiles.
[2026-03-21 19:33:26] [INFO] Navigated to Logs.
[2026-03-21 19:33:27] [INFO] Navigated to Profiles.
[2026-03-21 19:33:28] [INFO] Navigated to Profiles.
[2026-03-21 19:33:28] [INFO] Navigated to Profiles.
[2026-03-21 19:33:29] [INFO] Navigated to Logs.
[2026-03-21 19:33:32] [INFO] Navigated to Profiles.
